<?xml version="1.0" encoding="UTF-8"?>
<Site BuildName="(empty)"
	BuildStamp="20241016-0229-Experimental"
	Name="wyf"
	Generator="ctest-3.26.2"
	CompilerName="/usr/bin/c++"
	CompilerVersion="9.4.0"
	OSName="Linux"
	Hostname="wyf"
	OSRelease="5.15.0-122-generic"
	OSVersion="#132~20.04.1-Ubuntu SMP Fri Aug 30 15:50:07 UTC 2024"
	OSPlatform="x86_64"
	Is64Bits="1"
	VendorString="AuthenticAMD"
	VendorID="Advanced Micro Devices"
	FamilyID="23"
	ModelID="96"
	ProcessorCacheSize="512"
	NumberOfLogicalCPU="16"
	NumberOfPhysicalCPU="8"
	TotalVirtualMemory="38146"
	TotalPhysicalMemory="39520"
	LogicalProcessorsPerPhysical="2"
	ProcessorClockFrequency="1400"
	>
	<Testing>
		<StartDateTime>Oct 16 21:30 CST</StartDateTime>
		<StartTestTime>1729085413</StartTestTime>
		<TestList/>
		<EndDateTime>Oct 16 21:30 CST</EndDateTime>
		<EndTestTime>1729085413</EndTestTime>
		<ElapsedMinutes>0</ElapsedMinutes>
	</Testing>
</Site>
